[0.201s] DEBUG:colcon:Command line arguments: ['/usr/bin/colcon', 'build', '--symlink-install']
[0.201s] DEBUG:colcon:Parsed command line arguments: Namespace(log_base=None, log_level=None, verb_name='build', build_base='build', install_base='install', merge_install=False, symlink_install=True, test_result_base=None, continue_on_error=False, executor='parallel', parallel_workers=4, event_handlers=None, ignore_user_meta=False, metas=['./colcon.meta'], base_paths=['.'], packages_ignore=None, packages_ignore_regex=None, paths=None, packages_up_to=None, packages_up_to_regex=None, packages_above=None, packages_above_and_dependencies=None, packages_above_depth=None, packages_select_by_dep=None, packages_skip_by_dep=None, packages_skip_up_to=None, packages_select_build_failed=False, packages_skip_build_finished=False, packages_select_test_failures=False, packages_skip_test_passed=False, packages_select=None, packages_skip=None, packages_select_regex=None, packages_skip_regex=None, packages_start=None, packages_end=None, allow_overriding=[], cmake_args=None, cmake_target=None, cmake_target_skip_unavailable=False, cmake_clean_cache=False, cmake_clean_first=False, cmake_force_configure=False, ament_cmake_args=None, catkin_cmake_args=None, catkin_skip_building_tests=False, mixin_files=None, mixin=None, verb_parser=<colcon_mixin.mixin.mixin_argument.MixinArgumentDecorator object at 0x7fbddaf597b0>, verb_extension=<colcon_core.verb.build.BuildVerb object at 0x7fbddaf59240>, main=<bound method BuildVerb.main of <colcon_core.verb.build.BuildVerb object at 0x7fbddaf59240>>, mixin_verb=('build',))
[0.587s] Level 1:colcon.colcon_core.package_discovery:discover_packages(colcon_meta) check parameters
[0.588s] Level 1:colcon.colcon_core.package_discovery:discover_packages(recursive) check parameters
[0.588s] Level 1:colcon.colcon_core.package_discovery:discover_packages(ignore) check parameters
[0.588s] Level 1:colcon.colcon_core.package_discovery:discover_packages(path) check parameters
[0.588s] Level 1:colcon.colcon_core.package_discovery:discover_packages(colcon_meta) discover
[0.588s] Level 1:colcon.colcon_core.package_discovery:discover_packages(recursive) discover
[0.588s] INFO:colcon.colcon_core.package_discovery:Crawling recursively for packages in '/home/unnathics/ros2_ws'
[0.588s] Level 1:colcon.colcon_core.package_identification:_identify(.) by extensions ['ignore', 'ignore_ament_install']
[0.588s] Level 1:colcon.colcon_core.package_identification:_identify(.) by extension 'ignore'
[0.588s] Level 1:colcon.colcon_core.package_identification:_identify(.) by extension 'ignore_ament_install'
[0.588s] Level 1:colcon.colcon_core.package_identification:_identify(.) by extensions ['colcon_pkg']
[0.588s] Level 1:colcon.colcon_core.package_identification:_identify(.) by extension 'colcon_pkg'
[0.588s] Level 1:colcon.colcon_core.package_identification:_identify(.) by extensions ['colcon_meta']
[0.588s] Level 1:colcon.colcon_core.package_identification:_identify(.) by extension 'colcon_meta'
[0.588s] Level 1:colcon.colcon_core.package_identification:_identify(.) by extensions ['ros']
[0.589s] Level 1:colcon.colcon_core.package_identification:_identify(.) by extension 'ros'
[0.605s] Level 1:colcon.colcon_core.package_identification:_identify(.) by extensions ['cmake', 'python']
[0.605s] Level 1:colcon.colcon_core.package_identification:_identify(.) by extension 'cmake'
[0.605s] Level 1:colcon.colcon_core.package_identification:_identify(.) by extension 'python'
[0.605s] Level 1:colcon.colcon_core.package_identification:_identify(.) by extensions ['python_setup_py']
[0.605s] Level 1:colcon.colcon_core.package_identification:_identify(.) by extension 'python_setup_py'
[0.605s] Level 1:colcon.colcon_core.package_identification:_identify(build) by extensions ['ignore', 'ignore_ament_install']
[0.605s] Level 1:colcon.colcon_core.package_identification:_identify(build) by extension 'ignore'
[0.605s] Level 1:colcon.colcon_core.package_identification:_identify(build) ignored
[0.605s] Level 1:colcon.colcon_core.package_identification:_identify(install) by extensions ['ignore', 'ignore_ament_install']
[0.606s] Level 1:colcon.colcon_core.package_identification:_identify(install) by extension 'ignore'
[0.606s] Level 1:colcon.colcon_core.package_identification:_identify(install) ignored
[0.606s] Level 1:colcon.colcon_core.package_identification:_identify(log) by extensions ['ignore', 'ignore_ament_install']
[0.606s] Level 1:colcon.colcon_core.package_identification:_identify(log) by extension 'ignore'
[0.606s] Level 1:colcon.colcon_core.package_identification:_identify(log) ignored
[0.606s] Level 1:colcon.colcon_core.package_identification:_identify(src) by extensions ['ignore', 'ignore_ament_install']
[0.606s] Level 1:colcon.colcon_core.package_identification:_identify(src) by extension 'ignore'
[0.606s] Level 1:colcon.colcon_core.package_identification:_identify(src) by extension 'ignore_ament_install'
[0.606s] Level 1:colcon.colcon_core.package_identification:_identify(src) by extensions ['colcon_pkg']
[0.606s] Level 1:colcon.colcon_core.package_identification:_identify(src) by extension 'colcon_pkg'
[0.606s] Level 1:colcon.colcon_core.package_identification:_identify(src) by extensions ['colcon_meta']
[0.606s] Level 1:colcon.colcon_core.package_identification:_identify(src) by extension 'colcon_meta'
[0.606s] Level 1:colcon.colcon_core.package_identification:_identify(src) by extensions ['ros']
[0.606s] Level 1:colcon.colcon_core.package_identification:_identify(src) by extension 'ros'
[0.607s] Level 1:colcon.colcon_core.package_identification:_identify(src) by extensions ['cmake', 'python']
[0.607s] Level 1:colcon.colcon_core.package_identification:_identify(src) by extension 'cmake'
[0.607s] Level 1:colcon.colcon_core.package_identification:_identify(src) by extension 'python'
[0.607s] Level 1:colcon.colcon_core.package_identification:_identify(src) by extensions ['python_setup_py']
[0.607s] Level 1:colcon.colcon_core.package_identification:_identify(src) by extension 'python_setup_py'
[0.607s] Level 1:colcon.colcon_core.package_identification:_identify(src/myseepackage) by extensions ['ignore', 'ignore_ament_install']
[0.607s] Level 1:colcon.colcon_core.package_identification:_identify(src/myseepackage) by extension 'ignore'
[0.607s] Level 1:colcon.colcon_core.package_identification:_identify(src/myseepackage) by extension 'ignore_ament_install'
[0.607s] Level 1:colcon.colcon_core.package_identification:_identify(src/myseepackage) by extensions ['colcon_pkg']
[0.607s] Level 1:colcon.colcon_core.package_identification:_identify(src/myseepackage) by extension 'colcon_pkg'
[0.607s] Level 1:colcon.colcon_core.package_identification:_identify(src/myseepackage) by extensions ['colcon_meta']
[0.607s] Level 1:colcon.colcon_core.package_identification:_identify(src/myseepackage) by extension 'colcon_meta'
[0.607s] Level 1:colcon.colcon_core.package_identification:_identify(src/myseepackage) by extensions ['ros']
[0.607s] Level 1:colcon.colcon_core.package_identification:_identify(src/myseepackage) by extension 'ros'
[0.611s] DEBUG:colcon.colcon_core.package_identification:Package 'src/myseepackage' with type 'ros.ament_cmake' and name 'myseepackage'
[0.611s] Level 1:colcon.colcon_core.package_discovery:discover_packages(recursive) using defaults
[0.611s] Level 1:colcon.colcon_core.package_discovery:discover_packages(ignore) discover
[0.611s] Level 1:colcon.colcon_core.package_discovery:discover_packages(ignore) using defaults
[0.611s] Level 1:colcon.colcon_core.package_discovery:discover_packages(path) discover
[0.611s] Level 1:colcon.colcon_core.package_discovery:discover_packages(path) using defaults
[0.658s] Level 1:colcon.colcon_core.package_discovery:discover_packages(prefix_path) check parameters
[0.658s] Level 1:colcon.colcon_core.package_discovery:discover_packages(prefix_path) discover
[0.661s] DEBUG:colcon.colcon_installed_package_information.package_discovery:Found 1 installed packages in /home/unnathics/ros2_ws/install
[0.664s] DEBUG:colcon.colcon_installed_package_information.package_discovery:Found 323 installed packages in /opt/ros/humble
[0.668s] Level 1:colcon.colcon_core.package_discovery:discover_packages(prefix_path) using defaults
[0.783s] Level 5:colcon.colcon_core.verb:set package 'myseepackage' build argument 'cmake_args' from command line to 'None'
[0.783s] Level 5:colcon.colcon_core.verb:set package 'myseepackage' build argument 'cmake_target' from command line to 'None'
[0.783s] Level 5:colcon.colcon_core.verb:set package 'myseepackage' build argument 'cmake_target_skip_unavailable' from command line to 'False'
[0.783s] Level 5:colcon.colcon_core.verb:set package 'myseepackage' build argument 'cmake_clean_cache' from command line to 'False'
[0.783s] Level 5:colcon.colcon_core.verb:set package 'myseepackage' build argument 'cmake_clean_first' from command line to 'False'
[0.783s] Level 5:colcon.colcon_core.verb:set package 'myseepackage' build argument 'cmake_force_configure' from command line to 'False'
[0.783s] Level 5:colcon.colcon_core.verb:set package 'myseepackage' build argument 'ament_cmake_args' from command line to 'None'
[0.783s] Level 5:colcon.colcon_core.verb:set package 'myseepackage' build argument 'catkin_cmake_args' from command line to 'None'
[0.783s] Level 5:colcon.colcon_core.verb:set package 'myseepackage' build argument 'catkin_skip_building_tests' from command line to 'False'
[0.783s] DEBUG:colcon.colcon_core.verb:Building package 'myseepackage' with the following arguments: {'ament_cmake_args': None, 'build_base': '/home/unnathics/ros2_ws/build/myseepackage', 'catkin_cmake_args': None, 'catkin_skip_building_tests': False, 'cmake_args': None, 'cmake_clean_cache': False, 'cmake_clean_first': False, 'cmake_force_configure': False, 'cmake_target': None, 'cmake_target_skip_unavailable': False, 'install_base': '/home/unnathics/ros2_ws/install/myseepackage', 'merge_install': False, 'path': '/home/unnathics/ros2_ws/src/myseepackage', 'symlink_install': True, 'test_result_base': None}
[0.783s] INFO:colcon.colcon_core.executor:Executing jobs using 'parallel' executor
[0.785s] DEBUG:colcon.colcon_parallel_executor.executor.parallel:run_until_complete
[0.785s] INFO:colcon.colcon_ros.task.ament_cmake.build:Building ROS package in '/home/unnathics/ros2_ws/src/myseepackage' with build type 'ament_cmake'
[0.785s] INFO:colcon.colcon_cmake.task.cmake.build:Building CMake package in '/home/unnathics/ros2_ws/src/myseepackage'
[0.788s] INFO:colcon.colcon_core.plugin_system:Skipping extension 'colcon_core.shell.bat': Not used on non-Windows systems
[0.789s] INFO:colcon.colcon_core.shell:Skip shell extension 'powershell' for command environment: Not usable outside of PowerShell
[0.789s] DEBUG:colcon.colcon_core.shell:Skip shell extension 'dsv' for command environment
[0.810s] DEBUG:colcon.colcon_core.event_handler.log_command:Invoking command in '/home/unnathics/ros2_ws/build/myseepackage': CMAKE_PREFIX_PATH=${CMAKE_PREFIX_PATH}:/opt/ros/humble /usr/bin/cmake --build /home/unnathics/ros2_ws/build/myseepackage -- -j4 -l4
[0.865s] DEBUG:colcon.colcon_core.event_handler.log_command:Invoked command in '/home/unnathics/ros2_ws/build/myseepackage' returned '0': CMAKE_PREFIX_PATH=${CMAKE_PREFIX_PATH}:/opt/ros/humble /usr/bin/cmake --build /home/unnathics/ros2_ws/build/myseepackage -- -j4 -l4
[0.880s] DEBUG:colcon.colcon_core.event_handler.log_command:Invoking command in '/home/unnathics/ros2_ws/build/myseepackage': CMAKE_PREFIX_PATH=${CMAKE_PREFIX_PATH}:/opt/ros/humble /usr/bin/cmake --install /home/unnathics/ros2_ws/build/myseepackage
[0.913s] Level 1:colcon.colcon_core.environment:create_environment_scripts_only(myseepackage)
[0.915s] DEBUG:colcon.colcon_core.event_handler.log_command:Invoked command in '/home/unnathics/ros2_ws/build/myseepackage' returned '0': CMAKE_PREFIX_PATH=${CMAKE_PREFIX_PATH}:/opt/ros/humble /usr/bin/cmake --install /home/unnathics/ros2_ws/build/myseepackage
[0.919s] Level 1:colcon.colcon_core.environment:checking '/home/unnathics/ros2_ws/install/myseepackage' for CMake module files
[0.920s] Level 1:colcon.colcon_core.environment:checking '/home/unnathics/ros2_ws/install/myseepackage' for CMake config files
[0.924s] Level 1:colcon.colcon_core.shell:create_environment_hook('myseepackage', 'cmake_prefix_path')
[0.924s] INFO:colcon.colcon_core.shell:Creating environment hook '/home/unnathics/ros2_ws/install/myseepackage/share/myseepackage/hook/cmake_prefix_path.ps1'
[0.927s] INFO:colcon.colcon_core.shell:Creating environment descriptor '/home/unnathics/ros2_ws/install/myseepackage/share/myseepackage/hook/cmake_prefix_path.dsv'
[0.928s] INFO:colcon.colcon_core.shell:Creating environment hook '/home/unnathics/ros2_ws/install/myseepackage/share/myseepackage/hook/cmake_prefix_path.sh'
[0.930s] Level 1:colcon.colcon_core.environment:checking '/home/unnathics/ros2_ws/install/myseepackage/lib'
[0.930s] Level 1:colcon.colcon_core.environment:checking '/home/unnathics/ros2_ws/install/myseepackage/bin'
[0.930s] Level 1:colcon.colcon_core.environment:checking '/home/unnathics/ros2_ws/install/myseepackage/lib/pkgconfig/myseepackage.pc'
[0.931s] Level 1:colcon.colcon_core.environment:checking '/home/unnathics/ros2_ws/install/myseepackage/lib/python3.10/site-packages'
[0.931s] Level 1:colcon.colcon_core.environment:checking '/home/unnathics/ros2_ws/install/myseepackage/bin'
[0.932s] INFO:colcon.colcon_core.shell:Creating package script '/home/unnathics/ros2_ws/install/myseepackage/share/myseepackage/package.ps1'
[0.933s] INFO:colcon.colcon_core.shell:Creating package descriptor '/home/unnathics/ros2_ws/install/myseepackage/share/myseepackage/package.dsv'
[0.934s] INFO:colcon.colcon_core.shell:Creating package script '/home/unnathics/ros2_ws/install/myseepackage/share/myseepackage/package.sh'
[0.935s] INFO:colcon.colcon_core.shell:Creating package script '/home/unnathics/ros2_ws/install/myseepackage/share/myseepackage/package.bash'
[0.937s] INFO:colcon.colcon_core.shell:Creating package script '/home/unnathics/ros2_ws/install/myseepackage/share/myseepackage/package.zsh'
[0.938s] Level 1:colcon.colcon_core.environment:create_file_with_runtime_dependencies(/home/unnathics/ros2_ws/install/myseepackage/share/colcon-core/packages/myseepackage)
[0.939s] Level 1:colcon.colcon_core.environment:create_environment_scripts_only(myseepackage)
[0.940s] Level 1:colcon.colcon_core.environment:checking '/home/unnathics/ros2_ws/install/myseepackage' for CMake module files
[0.941s] Level 1:colcon.colcon_core.environment:checking '/home/unnathics/ros2_ws/install/myseepackage' for CMake config files
[0.942s] Level 1:colcon.colcon_core.shell:create_environment_hook('myseepackage', 'cmake_prefix_path')
[0.942s] INFO:colcon.colcon_core.shell:Creating environment hook '/home/unnathics/ros2_ws/install/myseepackage/share/myseepackage/hook/cmake_prefix_path.ps1'
[0.943s] INFO:colcon.colcon_core.shell:Creating environment descriptor '/home/unnathics/ros2_ws/install/myseepackage/share/myseepackage/hook/cmake_prefix_path.dsv'
[0.944s] INFO:colcon.colcon_core.shell:Creating environment hook '/home/unnathics/ros2_ws/install/myseepackage/share/myseepackage/hook/cmake_prefix_path.sh'
[0.945s] Level 1:colcon.colcon_core.environment:checking '/home/unnathics/ros2_ws/install/myseepackage/lib'
[0.945s] Level 1:colcon.colcon_core.environment:checking '/home/unnathics/ros2_ws/install/myseepackage/bin'
[0.945s] Level 1:colcon.colcon_core.environment:checking '/home/unnathics/ros2_ws/install/myseepackage/lib/pkgconfig/myseepackage.pc'
[0.945s] Level 1:colcon.colcon_core.environment:checking '/home/unnathics/ros2_ws/install/myseepackage/lib/python3.10/site-packages'
[0.946s] Level 1:colcon.colcon_core.environment:checking '/home/unnathics/ros2_ws/install/myseepackage/bin'
[0.946s] INFO:colcon.colcon_core.shell:Creating package script '/home/unnathics/ros2_ws/install/myseepackage/share/myseepackage/package.ps1'
[0.947s] INFO:colcon.colcon_core.shell:Creating package descriptor '/home/unnathics/ros2_ws/install/myseepackage/share/myseepackage/package.dsv'
[0.948s] INFO:colcon.colcon_core.shell:Creating package script '/home/unnathics/ros2_ws/install/myseepackage/share/myseepackage/package.sh'
[0.948s] INFO:colcon.colcon_core.shell:Creating package script '/home/unnathics/ros2_ws/install/myseepackage/share/myseepackage/package.bash'
[0.949s] INFO:colcon.colcon_core.shell:Creating package script '/home/unnathics/ros2_ws/install/myseepackage/share/myseepackage/package.zsh'
[0.950s] Level 1:colcon.colcon_core.environment:create_file_with_runtime_dependencies(/home/unnathics/ros2_ws/install/myseepackage/share/colcon-core/packages/myseepackage)
[0.950s] DEBUG:colcon.colcon_parallel_executor.executor.parallel:closing loop
[0.951s] DEBUG:colcon.colcon_parallel_executor.executor.parallel:loop closed
[0.951s] DEBUG:colcon.colcon_parallel_executor.executor.parallel:run_until_complete finished with '0'
[0.951s] DEBUG:colcon.colcon_core.event_reactor:joining thread
[0.958s] INFO:colcon.colcon_core.plugin_system:Skipping extension 'colcon_notification.desktop_notification.terminal_notifier': Not used on non-Darwin systems
[0.958s] INFO:colcon.colcon_core.plugin_system:Skipping extension 'colcon_notification.desktop_notification.win32': Not used on non-Windows systems
[0.959s] INFO:colcon.colcon_notification.desktop_notification:Sending desktop notification using 'notify2'
[0.985s] DEBUG:colcon.colcon_core.event_reactor:joined thread
[0.985s] INFO:colcon.colcon_core.shell:Creating prefix script '/home/unnathics/ros2_ws/install/local_setup.ps1'
[0.987s] INFO:colcon.colcon_core.shell:Creating prefix util module '/home/unnathics/ros2_ws/install/_local_setup_util_ps1.py'
[0.991s] INFO:colcon.colcon_core.shell:Creating prefix chain script '/home/unnathics/ros2_ws/install/setup.ps1'
[0.993s] INFO:colcon.colcon_core.shell:Creating prefix script '/home/unnathics/ros2_ws/install/local_setup.sh'
[0.995s] INFO:colcon.colcon_core.shell:Creating prefix util module '/home/unnathics/ros2_ws/install/_local_setup_util_sh.py'
[0.996s] INFO:colcon.colcon_core.shell:Creating prefix chain script '/home/unnathics/ros2_ws/install/setup.sh'
[0.998s] INFO:colcon.colcon_core.shell:Creating prefix script '/home/unnathics/ros2_ws/install/local_setup.bash'
[0.999s] INFO:colcon.colcon_core.shell:Creating prefix chain script '/home/unnathics/ros2_ws/install/setup.bash'
[1.002s] INFO:colcon.colcon_core.shell:Creating prefix script '/home/unnathics/ros2_ws/install/local_setup.zsh'
[1.003s] INFO:colcon.colcon_core.shell:Creating prefix chain script '/home/unnathics/ros2_ws/install/setup.zsh'
