[0.024s] Invoking command in '/home/unnathics/ros2_ws/build/myseepackage': CMAKE_PREFIX_PATH=${CMAKE_PREFIX_PATH}:/opt/ros/humble /usr/bin/cmake --build /home/unnathics/ros2_ws/build/myseepackage -- -j4 -l4
[0.079s] Invoked command in '/home/unnathics/ros2_ws/build/myseepackage' returned '0': CMAKE_PREFIX_PATH=${CMAKE_PREFIX_PATH}:/opt/ros/humble /usr/bin/cmake --build /home/unnathics/ros2_ws/build/myseepackage -- -j4 -l4
[0.093s] Invoking command in '/home/unnathics/ros2_ws/build/myseepackage': CMAKE_PREFIX_PATH=${CMAKE_PREFIX_PATH}:/opt/ros/humble /usr/bin/cmake --install /home/unnathics/ros2_ws/build/myseepackage
[0.107s] -- Install configuration: ""
[0.107s] -- Execute custom install script
[0.107s] -- Up-to-date symlink: /home/unnathics/ros2_ws/install/myseepackage/lib/myseepackage/snake_slither_node.py
[0.107s] -- Up-to-date symlink: /home/unnathics/ros2_ws/install/myseepackage/share/ament_index/resource_index/package_run_dependencies/myseepackage
[0.108s] -- Up-to-date symlink: /home/unnathics/ros2_ws/install/myseepackage/share/ament_index/resource_index/parent_prefix_path/myseepackage
[0.108s] -- Up-to-date symlink: /home/unnathics/ros2_ws/install/myseepackage/share/myseepackage/environment/ament_prefix_path.sh
[0.108s] -- Up-to-date symlink: /home/unnathics/ros2_ws/install/myseepackage/share/myseepackage/environment/ament_prefix_path.dsv
[0.108s] -- Up-to-date symlink: /home/unnathics/ros2_ws/install/myseepackage/share/myseepackage/environment/path.sh
[0.108s] -- Up-to-date symlink: /home/unnathics/ros2_ws/install/myseepackage/share/myseepackage/environment/path.dsv
[0.108s] -- Up-to-date symlink: /home/unnathics/ros2_ws/install/myseepackage/share/myseepackage/local_setup.bash
[0.108s] -- Up-to-date symlink: /home/unnathics/ros2_ws/install/myseepackage/share/myseepackage/local_setup.sh
[0.108s] -- Up-to-date symlink: /home/unnathics/ros2_ws/install/myseepackage/share/myseepackage/local_setup.zsh
[0.109s] -- Up-to-date symlink: /home/unnathics/ros2_ws/install/myseepackage/share/myseepackage/local_setup.dsv
[0.109s] -- Symlinking: /home/unnathics/ros2_ws/install/myseepackage/share/myseepackage/package.dsv
[0.125s] -- Up-to-date symlink: /home/unnathics/ros2_ws/install/myseepackage/share/ament_index/resource_index/packages/myseepackage
[0.125s] -- Up-to-date symlink: /home/unnathics/ros2_ws/install/myseepackage/share/myseepackage/cmake/myseepackageConfig.cmake
[0.125s] -- Up-to-date symlink: /home/unnathics/ros2_ws/install/myseepackage/share/myseepackage/cmake/myseepackageConfig-version.cmake
[0.125s] -- Up-to-date symlink: /home/unnathics/ros2_ws/install/myseepackage/share/myseepackage/package.xml
[0.129s] Invoked command in '/home/unnathics/ros2_ws/build/myseepackage' returned '0': CMAKE_PREFIX_PATH=${CMAKE_PREFIX_PATH}:/opt/ros/humble /usr/bin/cmake --install /home/unnathics/ros2_ws/build/myseepackage
